<?xml version="1.0" encoding="UTF-8"?>
<testng-results ignored="0" total="2" passed="1" failed="1" skipped="0">
  <reporter-output>
    <line>
      <![CDATA[Reading url from property file]]>
    </line>
    <line>
      <![CDATA[Launching browser]]>
    </line>
    <line>
      <![CDATA[Waiting for 2000ms]]>
    </line>
    <line>
      <![CDATA[Clicking on Sign In button]]>
    </line>
    <line>
      <![CDATA[Reading mobileNum from property file]]>
    </line>
    <line>
      <![CDATA[Waiting for 4000ms]]>
    </line>
    <line>
      <![CDATA[Entering mobileNumber]]>
    </line>
    <line>
      <![CDATA[Waiting for 4000ms]]>
    </line>
    <line>
      <![CDATA[Clicking on SignIN Button]]>
    </line>
    <line>
      <![CDATA[Waiting for 9000ms]]>
    </line>
    <line>
      <![CDATA[Reading password from property file]]>
    </line>
    <line>
      <![CDATA[Waiting for 4000ms]]>
    </line>
    <line>
      <![CDATA[Entering password]]>
    </line>
    <line>
      <![CDATA[Waiting for 4000ms]]>
    </line>
    <line>
      <![CDATA[Clicking on submit Button]]>
    </line>
    <line>
      <![CDATA[Waiting for 4000ms]]>
    </line>
    <line>
      <![CDATA[Handeling popup]]>
    </line>
    <line>
      <![CDATA[clicking on OK button of Popup]]>
    </line>
    <line>
      <![CDATA[Waiting for 1000ms]]>
    </line>
    <line>
      <![CDATA[clicking on Close button of Popup]]>
    </line>
    <line>
      <![CDATA[Waiting for 2000ms]]>
    </line>
    <line>
      <![CDATA[getting actual user name]]>
    </line>
    <line>
      <![CDATA[Actual user name is shila jogdand]]>
    </line>
    <line>
      <![CDATA[Reading userName from property file]]>
    </line>
    <line>
      <![CDATA[TC validateUserID is completed successfuly]]>
    </line>
    <line>
      <![CDATA[Waiting for 3000ms]]>
    </line>
    <line>
      <![CDATA[Waiting for 4000ms]]>
    </line>
    <line>
      <![CDATA[Logging out]]>
    </line>
    <line>
      <![CDATA[Waiting for 2000ms]]>
    </line>
    <line>
      <![CDATA[Clicking on Sign In button]]>
    </line>
    <line>
      <![CDATA[Reading mobileNum from property file]]>
    </line>
    <line>
      <![CDATA[Waiting for 4000ms]]>
    </line>
    <line>
      <![CDATA[Entering mobileNumber]]>
    </line>
    <line>
      <![CDATA[Waiting for 4000ms]]>
    </line>
    <line>
      <![CDATA[Clicking on SignIN Button]]>
    </line>
    <line>
      <![CDATA[Waiting for 9000ms]]>
    </line>
    <line>
      <![CDATA[Reading password from property file]]>
    </line>
    <line>
      <![CDATA[Waiting for 4000ms]]>
    </line>
    <line>
      <![CDATA[Entering password]]>
    </line>
    <line>
      <![CDATA[Waiting for 4000ms]]>
    </line>
    <line>
      <![CDATA[Clicking on submit Button]]>
    </line>
    <line>
      <![CDATA[there is no Popup]]>
    </line>
    <line>
      <![CDATA[Waiting for 2000ms]]>
    </line>
    <line>
      <![CDATA[getting accBalance ]]>
    </line>
    <line>
      <![CDATA[Account Balance is Rs.5,00,000.00]]>
    </line>
    <line>
      <![CDATA[TC validateAccBalance is failed]]>
    </line>
    <line>
      <![CDATA[Waiting for 500ms]]>
    </line>
    <line>
      <![CDATA[taking screenshot]]>
    </line>
    <line>
      <![CDATA[Waiting for 3000ms]]>
    </line>
    <line>
      <![CDATA[Waiting for 4000ms]]>
    </line>
    <line>
      <![CDATA[Logging out]]>
    </line>
    <line>
      <![CDATA[closing browser]]>
    </line>
  </reporter-output>
  <suite started-at="2022-12-12T23:07:49 IST" name="Default suite" finished-at="2022-12-12T23:08:55 IST" duration-ms="65893">
    <groups>
    </groups>
    <test started-at="2022-12-12T23:07:49 IST" name="Default test" finished-at="2022-12-12T23:08:55 IST" duration-ms="65893">
      <class name="neostoxListener_TestNG.ValidateNeoStoxAccBalanceANDUserName2Using_properties">
        <test-method is-config="true" signature="launchNeoStox()[pri:0, instance:neostoxListener_TestNG.ValidateNeoStoxAccBalanceANDUserName2Using_properties@306e95ec]" started-at="2022-12-12T23:07:49 IST" name="launchNeoStox" finished-at="2022-12-12T23:07:57 IST" duration-ms="8161" status="PASS">
          <reporter-output>
            <line>
              <![CDATA[Reading url from property file]]>
            </line>
            <line>
              <![CDATA[Launching browser]]>
            </line>
          </reporter-output>
        </test-method> <!-- launchNeoStox -->
        <test-method is-config="true" signature="logintoNeoStox()[pri:0, instance:neostoxListener_TestNG.ValidateNeoStoxAccBalanceANDUserName2Using_properties@306e95ec]" started-at="2022-12-12T23:07:57 IST" name="logintoNeoStox" finished-at="2022-12-12T23:08:24 IST" duration-ms="26434" status="PASS">
          <reporter-output>
            <line>
              <![CDATA[Waiting for 2000ms]]>
            </line>
            <line>
              <![CDATA[Clicking on Sign In button]]>
            </line>
            <line>
              <![CDATA[Reading mobileNum from property file]]>
            </line>
            <line>
              <![CDATA[Waiting for 4000ms]]>
            </line>
            <line>
              <![CDATA[Entering mobileNumber]]>
            </line>
            <line>
              <![CDATA[Waiting for 4000ms]]>
            </line>
            <line>
              <![CDATA[Clicking on SignIN Button]]>
            </line>
            <line>
              <![CDATA[Waiting for 9000ms]]>
            </line>
            <line>
              <![CDATA[Reading password from property file]]>
            </line>
            <line>
              <![CDATA[Waiting for 4000ms]]>
            </line>
            <line>
              <![CDATA[Entering password]]>
            </line>
            <line>
              <![CDATA[Waiting for 4000ms]]>
            </line>
            <line>
              <![CDATA[Clicking on submit Button]]>
            </line>
            <line>
              <![CDATA[Waiting for 4000ms]]>
            </line>
            <line>
              <![CDATA[Handeling popup]]>
            </line>
            <line>
              <![CDATA[clicking on OK button of Popup]]>
            </line>
            <line>
              <![CDATA[Waiting for 1000ms]]>
            </line>
            <line>
              <![CDATA[clicking on Close button of Popup]]>
            </line>
          </reporter-output>
        </test-method> <!-- logintoNeoStox -->
        <test-method signature="validateUserID()[pri:-1, instance:neostoxListener_TestNG.ValidateNeoStoxAccBalanceANDUserName2Using_properties@306e95ec]" started-at="2022-12-12T23:08:24 IST" name="validateUserID" finished-at="2022-12-12T23:08:24 IST" duration-ms="124" status="PASS">
          <reporter-output>
            <line>
              <![CDATA[Waiting for 2000ms]]>
            </line>
            <line>
              <![CDATA[getting actual user name]]>
            </line>
            <line>
              <![CDATA[Actual user name is shila jogdand]]>
            </line>
            <line>
              <![CDATA[Reading userName from property file]]>
            </line>
            <line>
              <![CDATA[TC validateUserID is completed successfuly]]>
            </line>
          </reporter-output>
        </test-method> <!-- validateUserID -->
        <test-method is-config="true" signature="logOutFromNeoStox()[pri:0, instance:neostoxListener_TestNG.ValidateNeoStoxAccBalanceANDUserName2Using_properties@306e95ec]" started-at="2022-12-12T23:08:24 IST" name="logOutFromNeoStox" finished-at="2022-12-12T23:08:24 IST" duration-ms="183" status="PASS">
          <reporter-output>
            <line>
              <![CDATA[Waiting for 3000ms]]>
            </line>
            <line>
              <![CDATA[Waiting for 4000ms]]>
            </line>
            <line>
              <![CDATA[Logging out]]>
            </line>
          </reporter-output>
        </test-method> <!-- logOutFromNeoStox -->
        <test-method is-config="true" signature="logintoNeoStox()[pri:0, instance:neostoxListener_TestNG.ValidateNeoStoxAccBalanceANDUserName2Using_properties@306e95ec]" started-at="2022-12-12T23:08:24 IST" name="logintoNeoStox" finished-at="2022-12-12T23:08:54 IST" duration-ms="30297" status="PASS">
          <reporter-output>
            <line>
              <![CDATA[Waiting for 2000ms]]>
            </line>
            <line>
              <![CDATA[Clicking on Sign In button]]>
            </line>
            <line>
              <![CDATA[Reading mobileNum from property file]]>
            </line>
            <line>
              <![CDATA[Waiting for 4000ms]]>
            </line>
            <line>
              <![CDATA[Entering mobileNumber]]>
            </line>
            <line>
              <![CDATA[Waiting for 4000ms]]>
            </line>
            <line>
              <![CDATA[Clicking on SignIN Button]]>
            </line>
            <line>
              <![CDATA[Waiting for 9000ms]]>
            </line>
            <line>
              <![CDATA[Reading password from property file]]>
            </line>
            <line>
              <![CDATA[Waiting for 4000ms]]>
            </line>
            <line>
              <![CDATA[Entering password]]>
            </line>
            <line>
              <![CDATA[Waiting for 4000ms]]>
            </line>
            <line>
              <![CDATA[Clicking on submit Button]]>
            </line>
            <line>
              <![CDATA[there is no Popup]]>
            </line>
          </reporter-output>
        </test-method> <!-- logintoNeoStox -->
        <test-method signature="validateAccBalance()[pri:0, instance:neostoxListener_TestNG.ValidateNeoStoxAccBalanceANDUserName2Using_properties@306e95ec]" started-at="2022-12-12T23:08:54 IST" name="validateAccBalance" finished-at="2022-12-12T23:08:54 IST" duration-ms="51" status="FAIL">
          <exception class="java.lang.AssertionError">
            <message>
              <![CDATA[null]]>
            </message>
            <full-stacktrace>
              <![CDATA[java.lang.AssertionError: null
at org.testng.Assert.fail(Assert.java:99)
at org.testng.Assert.fail(Assert.java:106)
at neostoxListener_TestNG.ValidateNeoStoxAccBalanceANDUserName2Using_properties.validateAccBalance(ValidateNeoStoxAccBalanceANDUserName2Using_properties.java:78)
at java.base/jdk.internal.reflect.NativeMethodAccessorImpl.invoke0(Native Method)
at java.base/jdk.internal.reflect.NativeMethodAccessorImpl.invoke(NativeMethodAccessorImpl.java:62)
at java.base/jdk.internal.reflect.DelegatingMethodAccessorImpl.invoke(DelegatingMethodAccessorImpl.java:43)
at java.base/java.lang.reflect.Method.invoke(Method.java:566)
at org.testng.internal.MethodInvocationHelper.invokeMethod(MethodInvocationHelper.java:133)
at org.testng.internal.TestInvoker.invokeMethod(TestInvoker.java:598)
at org.testng.internal.TestInvoker.invokeTestMethod(TestInvoker.java:173)
at org.testng.internal.MethodRunner.runInSequence(MethodRunner.java:46)
at org.testng.internal.TestInvoker$MethodInvocationAgent.invoke(TestInvoker.java:824)
at org.testng.internal.TestInvoker.invokeTestMethods(TestInvoker.java:146)
at org.testng.internal.TestMethodWorker.invokeTestMethods(TestMethodWorker.java:146)
at org.testng.internal.TestMethodWorker.run(TestMethodWorker.java:128)
at java.base/java.util.ArrayList.forEach(ArrayList.java:1541)
at org.testng.TestRunner.privateRun(TestRunner.java:794)
at org.testng.TestRunner.run(TestRunner.java:596)
at org.testng.SuiteRunner.runTest(SuiteRunner.java:377)
at org.testng.SuiteRunner.runSequentially(SuiteRunner.java:371)
at org.testng.SuiteRunner.privateRun(SuiteRunner.java:332)
at org.testng.SuiteRunner.run(SuiteRunner.java:276)
at org.testng.SuiteRunnerWorker.runSuite(SuiteRunnerWorker.java:53)
at org.testng.SuiteRunnerWorker.run(SuiteRunnerWorker.java:96)
at org.testng.TestNG.runSuitesSequentially(TestNG.java:1212)
at org.testng.TestNG.runSuitesLocally(TestNG.java:1134)
at org.testng.TestNG.runSuites(TestNG.java:1063)
at org.testng.TestNG.run(TestNG.java:1031)
at org.testng.remote.AbstractRemoteTestNG.run(AbstractRemoteTestNG.java:115)
at org.testng.remote.RemoteTestNG.initAndRun(RemoteTestNG.java:251)
at org.testng.remote.RemoteTestNG.main(RemoteTestNG.java:77)
]]>
            </full-stacktrace>
          </exception> <!-- java.lang.AssertionError -->
          <reporter-output>
            <line>
              <![CDATA[Waiting for 2000ms]]>
            </line>
            <line>
              <![CDATA[getting accBalance ]]>
            </line>
            <line>
              <![CDATA[Account Balance is Rs.5,00,000.00]]>
            </line>
            <line>
              <![CDATA[TC validateAccBalance is failed]]>
            </line>
            <line>
              <![CDATA[Waiting for 500ms]]>
            </line>
            <line>
              <![CDATA[taking screenshot]]>
            </line>
          </reporter-output>
        </test-method> <!-- validateAccBalance -->
        <test-method is-config="true" signature="logOutFromNeoStox()[pri:0, instance:neostoxListener_TestNG.ValidateNeoStoxAccBalanceANDUserName2Using_properties@306e95ec]" started-at="2022-12-12T23:08:55 IST" name="logOutFromNeoStox" finished-at="2022-12-12T23:08:55 IST" duration-ms="361" status="PASS">
          <reporter-output>
            <line>
              <![CDATA[Waiting for 3000ms]]>
            </line>
            <line>
              <![CDATA[Waiting for 4000ms]]>
            </line>
            <line>
              <![CDATA[Logging out]]>
            </line>
          </reporter-output>
        </test-method> <!-- logOutFromNeoStox -->
        <test-method is-config="true" signature="closeBrowser()[pri:0, instance:neostoxListener_TestNG.ValidateNeoStoxAccBalanceANDUserName2Using_properties@306e95ec]" started-at="2022-12-12T23:08:55 IST" name="closeBrowser" finished-at="2022-12-12T23:08:55 IST" duration-ms="0" status="PASS">
          <reporter-output>
            <line>
              <![CDATA[closing browser]]>
            </line>
          </reporter-output>
        </test-method> <!-- closeBrowser -->
      </class> <!-- neostoxListener_TestNG.ValidateNeoStoxAccBalanceANDUserName2Using_properties -->
    </test> <!-- Default test -->
  </suite> <!-- Default suite -->
</testng-results>
